Started GET "/" for 127.0.0.1 at 2018-11-21 13:50:55 -0600
  
PG::ConnectionBad (could not connect to server: No such file or directory
	Is the server running locally and accepting
	connections on Unix domain socket "/tmp/.s.PGSQL.5432"?
):
  
pg (1.1.3) lib/pg.rb:56:in `initialize'
pg (1.1.3) lib/pg.rb:56:in `new'
pg (1.1.3) lib/pg.rb:56:in `connect'
activerecord (5.2.1) lib/active_record/connection_adapters/postgresql_adapter.rb:684:in `connect'
activerecord (5.2.1) lib/active_record/connection_adapters/postgresql_adapter.rb:215:in `initialize'
activerecord (5.2.1) lib/active_record/connection_adapters/postgresql_adapter.rb:40:in `new'
activerecord (5.2.1) lib/active_record/connection_adapters/postgresql_adapter.rb:40:in `postgresql_connection'
activerecord (5.2.1) lib/active_record/connection_adapters/abstract/connection_pool.rb:809:in `new_connection'
activerecord (5.2.1) lib/active_record/connection_adapters/abstract/connection_pool.rb:853:in `checkout_new_connection'
activerecord (5.2.1) lib/active_record/connection_adapters/abstract/connection_pool.rb:832:in `try_to_checkout_new_connection'
activerecord (5.2.1) lib/active_record/connection_adapters/abstract/connection_pool.rb:793:in `acquire_connection'
activerecord (5.2.1) lib/active_record/connection_adapters/abstract/connection_pool.rb:521:in `checkout'
activerecord (5.2.1) lib/active_record/connection_adapters/abstract/connection_pool.rb:380:in `connection'
activerecord (5.2.1) lib/active_record/connection_adapters/abstract/connection_pool.rb:1008:in `retrieve_connection'
activerecord (5.2.1) lib/active_record/connection_handling.rb:118:in `retrieve_connection'
activerecord (5.2.1) lib/active_record/connection_handling.rb:90:in `connection'
activerecord (5.2.1) lib/active_record/migration.rb:554:in `call'
actionpack (5.2.1) lib/action_dispatch/middleware/callbacks.rb:28:in `block in call'
activesupport (5.2.1) lib/active_support/callbacks.rb:98:in `run_callbacks'
actionpack (5.2.1) lib/action_dispatch/middleware/callbacks.rb:26:in `call'
actionpack (5.2.1) lib/action_dispatch/middleware/executor.rb:14:in `call'
actionpack (5.2.1) lib/action_dispatch/middleware/debug_exceptions.rb:61:in `call'
web-console (3.7.0) lib/web_console/middleware.rb:135:in `call_app'
web-console (3.7.0) lib/web_console/middleware.rb:30:in `block in call'
web-console (3.7.0) lib/web_console/middleware.rb:20:in `catch'
web-console (3.7.0) lib/web_console/middleware.rb:20:in `call'
actionpack (5.2.1) lib/action_dispatch/middleware/show_exceptions.rb:33:in `call'
railties (5.2.1) lib/rails/rack/logger.rb:38:in `call_app'
railties (5.2.1) lib/rails/rack/logger.rb:26:in `block in call'
activesupport (5.2.1) lib/active_support/tagged_logging.rb:71:in `block in tagged'
activesupport (5.2.1) lib/active_support/tagged_logging.rb:28:in `tagged'
activesupport (5.2.1) lib/active_support/tagged_logging.rb:71:in `tagged'
railties (5.2.1) lib/rails/rack/logger.rb:26:in `call'
sprockets-rails (3.2.1) lib/sprockets/rails/quiet_assets.rb:13:in `call'
actionpack (5.2.1) lib/action_dispatch/middleware/remote_ip.rb:81:in `call'
actionpack (5.2.1) lib/action_dispatch/middleware/request_id.rb:27:in `call'
rack (2.0.6) lib/rack/method_override.rb:22:in `call'
rack (2.0.6) lib/rack/runtime.rb:22:in `call'
activesupport (5.2.1) lib/active_support/cache/strategy/local_cache_middleware.rb:29:in `call'
actionpack (5.2.1) lib/action_dispatch/middleware/executor.rb:14:in `call'
actionpack (5.2.1) lib/action_dispatch/middleware/static.rb:127:in `call'
rack (2.0.6) lib/rack/sendfile.rb:111:in `call'
railties (5.2.1) lib/rails/engine.rb:524:in `call'
puma (3.12.0) lib/puma/configuration.rb:225:in `call'
puma (3.12.0) lib/puma/server.rb:658:in `handle_request'
puma (3.12.0) lib/puma/server.rb:472:in `process_client'
puma (3.12.0) lib/puma/server.rb:332:in `block in run'
puma (3.12.0) lib/puma/thread_pool.rb:133:in `block in spawn_thread'
Started GET "/" for 127.0.0.1 at 2018-11-21 13:54:54 -0600
  
ActiveRecord::NoDatabaseError (FATAL:  database "cake-gallery_development" does not exist
):
  
activerecord (5.2.1) lib/active_record/connection_adapters/postgresql_adapter.rb:688:in `rescue in connect'
activerecord (5.2.1) lib/active_record/connection_adapters/postgresql_adapter.rb:684:in `connect'
activerecord (5.2.1) lib/active_record/connection_adapters/postgresql_adapter.rb:215:in `initialize'
activerecord (5.2.1) lib/active_record/connection_adapters/postgresql_adapter.rb:40:in `new'
activerecord (5.2.1) lib/active_record/connection_adapters/postgresql_adapter.rb:40:in `postgresql_connection'
activerecord (5.2.1) lib/active_record/connection_adapters/abstract/connection_pool.rb:809:in `new_connection'
activerecord (5.2.1) lib/active_record/connection_adapters/abstract/connection_pool.rb:853:in `checkout_new_connection'
activerecord (5.2.1) lib/active_record/connection_adapters/abstract/connection_pool.rb:832:in `try_to_checkout_new_connection'
activerecord (5.2.1) lib/active_record/connection_adapters/abstract/connection_pool.rb:793:in `acquire_connection'
activerecord (5.2.1) lib/active_record/connection_adapters/abstract/connection_pool.rb:521:in `checkout'
activerecord (5.2.1) lib/active_record/connection_adapters/abstract/connection_pool.rb:380:in `connection'
activerecord (5.2.1) lib/active_record/connection_adapters/abstract/connection_pool.rb:1008:in `retrieve_connection'
activerecord (5.2.1) lib/active_record/connection_handling.rb:118:in `retrieve_connection'
activerecord (5.2.1) lib/active_record/connection_handling.rb:90:in `connection'
activerecord (5.2.1) lib/active_record/migration.rb:554:in `call'
actionpack (5.2.1) lib/action_dispatch/middleware/callbacks.rb:28:in `block in call'
activesupport (5.2.1) lib/active_support/callbacks.rb:98:in `run_callbacks'
actionpack (5.2.1) lib/action_dispatch/middleware/callbacks.rb:26:in `call'
actionpack (5.2.1) lib/action_dispatch/middleware/executor.rb:14:in `call'
actionpack (5.2.1) lib/action_dispatch/middleware/debug_exceptions.rb:61:in `call'
web-console (3.7.0) lib/web_console/middleware.rb:135:in `call_app'
web-console (3.7.0) lib/web_console/middleware.rb:30:in `block in call'
web-console (3.7.0) lib/web_console/middleware.rb:20:in `catch'
web-console (3.7.0) lib/web_console/middleware.rb:20:in `call'
actionpack (5.2.1) lib/action_dispatch/middleware/show_exceptions.rb:33:in `call'
railties (5.2.1) lib/rails/rack/logger.rb:38:in `call_app'
railties (5.2.1) lib/rails/rack/logger.rb:26:in `block in call'
activesupport (5.2.1) lib/active_support/tagged_logging.rb:71:in `block in tagged'
activesupport (5.2.1) lib/active_support/tagged_logging.rb:28:in `tagged'
activesupport (5.2.1) lib/active_support/tagged_logging.rb:71:in `tagged'
railties (5.2.1) lib/rails/rack/logger.rb:26:in `call'
sprockets-rails (3.2.1) lib/sprockets/rails/quiet_assets.rb:13:in `call'
actionpack (5.2.1) lib/action_dispatch/middleware/remote_ip.rb:81:in `call'
actionpack (5.2.1) lib/action_dispatch/middleware/request_id.rb:27:in `call'
rack (2.0.6) lib/rack/method_override.rb:22:in `call'
rack (2.0.6) lib/rack/runtime.rb:22:in `call'
activesupport (5.2.1) lib/active_support/cache/strategy/local_cache_middleware.rb:29:in `call'
actionpack (5.2.1) lib/action_dispatch/middleware/executor.rb:14:in `call'
actionpack (5.2.1) lib/action_dispatch/middleware/static.rb:127:in `call'
rack (2.0.6) lib/rack/sendfile.rb:111:in `call'
railties (5.2.1) lib/rails/engine.rb:524:in `call'
puma (3.12.0) lib/puma/configuration.rb:225:in `call'
puma (3.12.0) lib/puma/server.rb:658:in `handle_request'
puma (3.12.0) lib/puma/server.rb:472:in `process_client'
puma (3.12.0) lib/puma/server.rb:332:in `block in run'
puma (3.12.0) lib/puma/thread_pool.rb:133:in `block in spawn_thread'
  [1m[35m (314.6ms)[0m  [1m[35mCREATE DATABASE "cake-gallery_development" ENCODING = 'unicode'[0m
  ↳ bin/rails:9
  [1m[35m (309.9ms)[0m  [1m[35mCREATE DATABASE "cake-gallery_test" ENCODING = 'unicode'[0m
  ↳ bin/rails:9
  [1m[35m (7.3ms)[0m  [1m[35mCREATE TABLE "schema_migrations" ("version" character varying NOT NULL PRIMARY KEY)[0m
  ↳ bin/rails:9
  [1m[35m (4.6ms)[0m  [1m[35mCREATE TABLE "ar_internal_metadata" ("key" character varying NOT NULL PRIMARY KEY, "value" character varying, "created_at" timestamp NOT NULL, "updated_at" timestamp NOT NULL)[0m
  ↳ bin/rails:9
  [1m[35m (0.3ms)[0m  [1m[34mSELECT pg_try_advisory_lock(7031142377825230980)[0m
  ↳ bin/rails:9
  [1m[35m (0.6ms)[0m  [1m[34mSELECT "schema_migrations"."version" FROM "schema_migrations" ORDER BY "schema_migrations"."version" ASC[0m
  ↳ bin/rails:9
  [1m[36mActiveRecord::InternalMetadata Load (0.4ms)[0m  [1m[34mSELECT  "ar_internal_metadata".* FROM "ar_internal_metadata" WHERE "ar_internal_metadata"."key" = $1 LIMIT $2[0m  [["key", "environment"], ["LIMIT", 1]]
  ↳ bin/rails:9
  [1m[35m (0.2ms)[0m  [1m[35mBEGIN[0m
  ↳ bin/rails:9
  [1m[36mActiveRecord::InternalMetadata Create (0.7ms)[0m  [1m[32mINSERT INTO "ar_internal_metadata" ("key", "value", "created_at", "updated_at") VALUES ($1, $2, $3, $4) RETURNING "key"[0m  [["key", "environment"], ["value", "development"], ["created_at", "2018-11-21 19:55:36.948803"], ["updated_at", "2018-11-21 19:55:36.948803"]]
  ↳ bin/rails:9
  [1m[35m (0.4ms)[0m  [1m[35mCOMMIT[0m
  ↳ bin/rails:9
  [1m[35m (0.2ms)[0m  [1m[34mSELECT pg_advisory_unlock(7031142377825230980)[0m
  ↳ bin/rails:9
  [1m[35m (0.2ms)[0m  [1m[34mSELECT "schema_migrations"."version" FROM "schema_migrations" ORDER BY "schema_migrations"."version" ASC[0m
  ↳ bin/rails:9
Started GET "/" for 127.0.0.1 at 2018-11-21 13:55:45 -0600
Processing by Rails::WelcomeController#index as HTML
  Rendering /Users/devon.lucey/.rvm/gems/ruby-2.4.1/gems/railties-5.2.1/lib/rails/templates/rails/welcome/index.html.erb
  Rendered /Users/devon.lucey/.rvm/gems/ruby-2.4.1/gems/railties-5.2.1/lib/rails/templates/rails/welcome/index.html.erb (2.3ms)
Completed 200 OK in 16ms (Views: 7.0ms | ActiveRecord: 0.0ms)


Started GET "/home/page2" for 127.0.0.1 at 2018-11-21 13:55:49 -0600
  
ActionController::RoutingError (No route matches [GET] "/home/page2"):
  
actionpack (5.2.1) lib/action_dispatch/middleware/debug_exceptions.rb:65:in `call'
web-console (3.7.0) lib/web_console/middleware.rb:135:in `call_app'
web-console (3.7.0) lib/web_console/middleware.rb:30:in `block in call'
web-console (3.7.0) lib/web_console/middleware.rb:20:in `catch'
web-console (3.7.0) lib/web_console/middleware.rb:20:in `call'
actionpack (5.2.1) lib/action_dispatch/middleware/show_exceptions.rb:33:in `call'
railties (5.2.1) lib/rails/rack/logger.rb:38:in `call_app'
railties (5.2.1) lib/rails/rack/logger.rb:26:in `block in call'
activesupport (5.2.1) lib/active_support/tagged_logging.rb:71:in `block in tagged'
activesupport (5.2.1) lib/active_support/tagged_logging.rb:28:in `tagged'
activesupport (5.2.1) lib/active_support/tagged_logging.rb:71:in `tagged'
railties (5.2.1) lib/rails/rack/logger.rb:26:in `call'
sprockets-rails (3.2.1) lib/sprockets/rails/quiet_assets.rb:13:in `call'
actionpack (5.2.1) lib/action_dispatch/middleware/remote_ip.rb:81:in `call'
actionpack (5.2.1) lib/action_dispatch/middleware/request_id.rb:27:in `call'
rack (2.0.6) lib/rack/method_override.rb:22:in `call'
rack (2.0.6) lib/rack/runtime.rb:22:in `call'
activesupport (5.2.1) lib/active_support/cache/strategy/local_cache_middleware.rb:29:in `call'
actionpack (5.2.1) lib/action_dispatch/middleware/executor.rb:14:in `call'
actionpack (5.2.1) lib/action_dispatch/middleware/static.rb:127:in `call'
rack (2.0.6) lib/rack/sendfile.rb:111:in `call'
railties (5.2.1) lib/rails/engine.rb:524:in `call'
puma (3.12.0) lib/puma/configuration.rb:225:in `call'
puma (3.12.0) lib/puma/server.rb:658:in `handle_request'
puma (3.12.0) lib/puma/server.rb:472:in `process_client'
puma (3.12.0) lib/puma/server.rb:332:in `block in run'
puma (3.12.0) lib/puma/thread_pool.rb:133:in `block in spawn_thread'
Started GET "/home/" for 127.0.0.1 at 2018-11-21 13:55:52 -0600
  
ActionController::RoutingError (No route matches [GET] "/home"):
  
actionpack (5.2.1) lib/action_dispatch/middleware/debug_exceptions.rb:65:in `call'
web-console (3.7.0) lib/web_console/middleware.rb:135:in `call_app'
web-console (3.7.0) lib/web_console/middleware.rb:30:in `block in call'
web-console (3.7.0) lib/web_console/middleware.rb:20:in `catch'
web-console (3.7.0) lib/web_console/middleware.rb:20:in `call'
actionpack (5.2.1) lib/action_dispatch/middleware/show_exceptions.rb:33:in `call'
railties (5.2.1) lib/rails/rack/logger.rb:38:in `call_app'
railties (5.2.1) lib/rails/rack/logger.rb:26:in `block in call'
activesupport (5.2.1) lib/active_support/tagged_logging.rb:71:in `block in tagged'
activesupport (5.2.1) lib/active_support/tagged_logging.rb:28:in `tagged'
activesupport (5.2.1) lib/active_support/tagged_logging.rb:71:in `tagged'
railties (5.2.1) lib/rails/rack/logger.rb:26:in `call'
sprockets-rails (3.2.1) lib/sprockets/rails/quiet_assets.rb:13:in `call'
actionpack (5.2.1) lib/action_dispatch/middleware/remote_ip.rb:81:in `call'
actionpack (5.2.1) lib/action_dispatch/middleware/request_id.rb:27:in `call'
rack (2.0.6) lib/rack/method_override.rb:22:in `call'
rack (2.0.6) lib/rack/runtime.rb:22:in `call'
activesupport (5.2.1) lib/active_support/cache/strategy/local_cache_middleware.rb:29:in `call'
actionpack (5.2.1) lib/action_dispatch/middleware/executor.rb:14:in `call'
actionpack (5.2.1) lib/action_dispatch/middleware/static.rb:127:in `call'
rack (2.0.6) lib/rack/sendfile.rb:111:in `call'
railties (5.2.1) lib/rails/engine.rb:524:in `call'
puma (3.12.0) lib/puma/configuration.rb:225:in `call'
puma (3.12.0) lib/puma/server.rb:658:in `handle_request'
puma (3.12.0) lib/puma/server.rb:472:in `process_client'
puma (3.12.0) lib/puma/server.rb:332:in `block in run'
puma (3.12.0) lib/puma/thread_pool.rb:133:in `block in spawn_thread'
Started GET "/home/index" for 127.0.0.1 at 2018-11-21 13:55:57 -0600
Processing by HomeController#index as HTML
  Rendering home/index.html.erb within layouts/application
  Rendered home/index.html.erb within layouts/application (0.3ms)
Completed 200 OK in 3587ms (Views: 3580.5ms | ActiveRecord: 0.0ms)


Started GET "/" for 127.0.0.1 at 2018-11-21 13:56:33 -0600
Processing by Rails::WelcomeController#index as HTML
  Rendering /Users/devon.lucey/.rvm/gems/ruby-2.4.1/gems/railties-5.2.1/lib/rails/templates/rails/welcome/index.html.erb
  Rendered /Users/devon.lucey/.rvm/gems/ruby-2.4.1/gems/railties-5.2.1/lib/rails/templates/rails/welcome/index.html.erb (3.3ms)
Completed 200 OK in 16ms (Views: 8.2ms | ActiveRecord: 0.0ms)


Started GET "/home/index" for 127.0.0.1 at 2018-11-21 13:56:38 -0600
Processing by HomeController#index as HTML
  Rendering home/index.html.erb within layouts/application
  Rendered home/index.html.erb within layouts/application (0.6ms)
Completed 200 OK in 87ms (Views: 78.5ms | ActiveRecord: 0.0ms)


Started GET "/home/about" for 127.0.0.1 at 2018-11-21 13:56:42 -0600
Processing by HomeController#about as HTML
  Rendering home/about.html.erb within layouts/application
  Rendered home/about.html.erb within layouts/application (0.4ms)
Completed 200 OK in 64ms (Views: 57.7ms | ActiveRecord: 0.0ms)


Started GET "/home/about" for 127.0.0.1 at 2018-11-21 13:59:29 -0600
Processing by HomeController#about as HTML
  Rendering home/about.html.erb within layouts/application
  Rendered home/about.html.erb within layouts/application (0.4ms)
Completed 200 OK in 53ms (Views: 50.8ms | ActiveRecord: 0.0ms)


Started GET "/home/index" for 127.0.0.1 at 2018-11-21 13:59:58 -0600
Processing by HomeController#index as HTML
  Rendering home/index.html.erb within layouts/application
  Rendered home/index.html.erb within layouts/application (25.1ms)
Completed 500 Internal Server Error in 36ms (ActiveRecord: 0.0ms)


  
ActionView::Template::Error (Asset was not declared to be precompiled in production.
Add `Rails.application.config.assets.precompile += %w( home.css )` to `config/initializers/assets.rb` and restart your server):
    1: <%= stylesheet_link_tag 'home', media: 'all', 'data-turbolinks-track': 'reload' %>
    2: 
    3: <div class="page">
    4: 	<div class="jumbotron">
  
app/views/home/index.html.erb:1:in `_app_views_home_index_html_erb___2165149976979430036_70129767926600'
Started GET "/home/about" for 127.0.0.1 at 2018-11-21 14:01:30 -0600
Processing by HomeController#about as HTML
  Rendering home/about.html.erb within layouts/application
  Rendered home/about.html.erb within layouts/application (0.4ms)
Completed 200 OK in 1466ms (Views: 1462.3ms | ActiveRecord: 0.0ms)


Started GET "/home/about" for 127.0.0.1 at 2018-11-21 14:01:48 -0600
Processing by HomeController#about as HTML
  Rendering home/about.html.erb within layouts/application
  Rendered home/about.html.erb within layouts/application (0.4ms)
Completed 200 OK in 53ms (Views: 50.3ms | ActiveRecord: 0.0ms)


Started GET "/home/index" for 127.0.0.1 at 2018-11-21 14:01:51 -0600
Processing by HomeController#index as HTML
  Rendering home/index.html.erb within layouts/application
  Rendered home/index.html.erb within layouts/application (85.9ms)
Completed 500 Internal Server Error in 101ms (ActiveRecord: 0.0ms)


  
ActionView::Template::Error (Asset was not declared to be precompiled in production.
Add `Rails.application.config.assets.precompile += %w( home.css )` to `config/initializers/assets.rb` and restart your server):
    1: <%= stylesheet_link_tag 'home', media: 'all', 'data-turbolinks-track': 'reload' %>
    2: 
    3: <div class="page">
    4: 	<div class="jumbotron">
  
app/views/home/index.html.erb:1:in `_app_views_home_index_html_erb___2165149976979430036_70129775692100'
Started GET "/home" for 127.0.0.1 at 2018-11-21 14:01:55 -0600
  
ActionController::RoutingError (No route matches [GET] "/home"):
  
actionpack (5.2.1) lib/action_dispatch/middleware/debug_exceptions.rb:65:in `call'
web-console (3.7.0) lib/web_console/middleware.rb:135:in `call_app'
web-console (3.7.0) lib/web_console/middleware.rb:30:in `block in call'
web-console (3.7.0) lib/web_console/middleware.rb:20:in `catch'
web-console (3.7.0) lib/web_console/middleware.rb:20:in `call'
actionpack (5.2.1) lib/action_dispatch/middleware/show_exceptions.rb:33:in `call'
railties (5.2.1) lib/rails/rack/logger.rb:38:in `call_app'
railties (5.2.1) lib/rails/rack/logger.rb:26:in `block in call'
activesupport (5.2.1) lib/active_support/tagged_logging.rb:71:in `block in tagged'
activesupport (5.2.1) lib/active_support/tagged_logging.rb:28:in `tagged'
activesupport (5.2.1) lib/active_support/tagged_logging.rb:71:in `tagged'
railties (5.2.1) lib/rails/rack/logger.rb:26:in `call'
sprockets-rails (3.2.1) lib/sprockets/rails/quiet_assets.rb:13:in `call'
actionpack (5.2.1) lib/action_dispatch/middleware/remote_ip.rb:81:in `call'
actionpack (5.2.1) lib/action_dispatch/middleware/request_id.rb:27:in `call'
rack (2.0.6) lib/rack/method_override.rb:22:in `call'
rack (2.0.6) lib/rack/runtime.rb:22:in `call'
activesupport (5.2.1) lib/active_support/cache/strategy/local_cache_middleware.rb:29:in `call'
actionpack (5.2.1) lib/action_dispatch/middleware/executor.rb:14:in `call'
actionpack (5.2.1) lib/action_dispatch/middleware/static.rb:127:in `call'
rack (2.0.6) lib/rack/sendfile.rb:111:in `call'
railties (5.2.1) lib/rails/engine.rb:524:in `call'
puma (3.12.0) lib/puma/configuration.rb:225:in `call'
puma (3.12.0) lib/puma/server.rb:658:in `handle_request'
puma (3.12.0) lib/puma/server.rb:472:in `process_client'
puma (3.12.0) lib/puma/server.rb:332:in `block in run'
puma (3.12.0) lib/puma/thread_pool.rb:133:in `block in spawn_thread'
Started GET "/" for 127.0.0.1 at 2018-11-21 14:01:59 -0600
Processing by Rails::WelcomeController#index as HTML
  Rendering /Users/devon.lucey/.rvm/gems/ruby-2.4.1/gems/railties-5.2.1/lib/rails/templates/rails/welcome/index.html.erb
  Rendered /Users/devon.lucey/.rvm/gems/ruby-2.4.1/gems/railties-5.2.1/lib/rails/templates/rails/welcome/index.html.erb (4.8ms)
Completed 200 OK in 14ms (Views: 10.6ms | ActiveRecord: 0.0ms)


Started GET "/home/about" for 127.0.0.1 at 2018-11-21 14:02:10 -0600
Processing by HomeController#about as HTML
  Rendering home/about.html.erb within layouts/application
  Rendered home/about.html.erb within layouts/application (0.4ms)
Completed 200 OK in 59ms (Views: 54.6ms | ActiveRecord: 0.0ms)


Started GET "/" for 127.0.0.1 at 2018-11-21 14:03:19 -0600
Processing by HomeController#index as HTML
  Rendering home/index.html.erb within layouts/application
  Rendered home/index.html.erb within layouts/application (29.5ms)
Completed 500 Internal Server Error in 37ms (ActiveRecord: 0.0ms)


  
ActionView::Template::Error (Asset was not declared to be precompiled in production.
Add `Rails.application.config.assets.precompile += %w( home.css )` to `config/initializers/assets.rb` and restart your server):
    1: <%= stylesheet_link_tag 'home', media: 'all', 'data-turbolinks-track': 'reload' %>
    2: 
    3: <div class="page">
    4: 	<div class="jumbotron">
  
app/views/home/index.html.erb:1:in `_app_views_home_index_html_erb___2165149976979430036_70129750607240'
Started GET "/" for 127.0.0.1 at 2018-11-21 14:05:05 -0600
Processing by HomeController#index as HTML
  Rendering home/index.html.erb within layouts/application
  Rendered home/index.html.erb within layouts/application (23.8ms)
Completed 500 Internal Server Error in 34ms (ActiveRecord: 0.0ms)


  
ActionView::Template::Error (Asset was not declared to be precompiled in production.
Add `Rails.application.config.assets.precompile += %w( home.css )` to `config/initializers/assets.rb` and restart your server):
    1: <%= stylesheet_link_tag 'home', media: 'all', 'data-turbolinks-track': 'reload' %>
    2: 
    3: <div class="page">
    4: 	<div class="jumbotron">
  
app/views/home/index.html.erb:1:in `_app_views_home_index_html_erb___2165149976979430036_70129768142480'
Started GET "/" for 127.0.0.1 at 2018-11-21 14:10:45 -0600
Processing by HomeController#index as HTML
  Rendering home/index.html.erb within layouts/application
  Rendered home/index.html.erb within layouts/application (142.4ms)
Completed 500 Internal Server Error in 155ms (ActiveRecord: 0.0ms)


  
ActionView::Template::Error (Asset was not declared to be precompiled in production.
Add `Rails.application.config.assets.precompile += %w( home.css )` to `config/initializers/assets.rb` and restart your server):
    1: <%= stylesheet_link_tag 'home', media: 'all', 'data-turbolinks-track': 'reload' %>
    2: 
    3: <div class="page">
    4: 	<div class="jumbotron">
  
app/views/home/index.html.erb:1:in `_app_views_home_index_html_erb___2165149976979430036_70129774747400'
Started GET "/" for 127.0.0.1 at 2018-11-21 14:13:19 -0600
Processing by HomeController#index as HTML
  Rendering home/index.html.erb within layouts/application
  Rendered home/index.html.erb within layouts/application (1804.5ms)
Completed 500 Internal Server Error in 1819ms (ActiveRecord: 0.0ms)


  
ActionView::Template::Error (The asset "cake-1.jpg" is not present in the asset pipeline.):
     9: 	<div class="container">
    10: 		<div class="responsive grid-container">
    11: 		  <div class="gallery">
    12: 		      <%= image_tag(src="cake-1.jpg", alt: "", class: "responsive img") %>
    13: 		    </a>
    14: 		    <div class="desc">2 tier 5” round vanilla bean smash cake with a thin layer of strawberry mousse in between the two tiers, covered with a cream cheese buttercream and normal vanilla buttercream roses.</div>
    15: 		  </div>
  
app/views/home/index.html.erb:12:in `_app_views_home_index_html_erb__1905772104349001339_70225861591880'
Started GET "/" for 127.0.0.1 at 2018-11-21 14:13:23 -0600
Processing by HomeController#index as HTML
  Rendering home/index.html.erb within layouts/application
  Rendered home/index.html.erb within layouts/application (8.8ms)
Completed 500 Internal Server Error in 21ms (ActiveRecord: 0.0ms)


  
ActionView::Template::Error (The asset "cake-1.jpg" is not present in the asset pipeline.):
     9: 	<div class="container">
    10: 		<div class="responsive grid-container">
    11: 		  <div class="gallery">
    12: 		      <%= image_tag(src="cake-1.jpg", alt: "", class: "responsive img") %>
    13: 		    </a>
    14: 		    <div class="desc">2 tier 5” round vanilla bean smash cake with a thin layer of strawberry mousse in between the two tiers, covered with a cream cheese buttercream and normal vanilla buttercream roses.</div>
    15: 		  </div>
  
app/views/home/index.html.erb:12:in `_app_views_home_index_html_erb__1905772104349001339_70225869263640'
Started GET "/" for 127.0.0.1 at 2018-11-21 14:14:38 -0600
Processing by HomeController#index as HTML
  Rendering home/index.html.erb within layouts/application
  Rendered home/index.html.erb within layouts/application (11.0ms)
Completed 500 Internal Server Error in 23ms (ActiveRecord: 0.0ms)


  
ActionView::Template::Error (The asset "cake-1.jpg" is not present in the asset pipeline.):
     9: 	<div class="container">
    10: 		<div class="responsive grid-container">
    11: 		  <div class="gallery">
    12: 		      <%= image_tag(src="cake-1.jpg", alt: "", class: "responsive img") %>
    13: 		    </a>
    14: 		    <div class="desc">2 tier 5” round vanilla bean smash cake with a thin layer of strawberry mousse in between the two tiers, covered with a cream cheese buttercream and normal vanilla buttercream roses.</div>
    15: 		  </div>
  
app/views/home/index.html.erb:12:in `_app_views_home_index_html_erb__1905772104349001339_70225868288140'
Started GET "/" for 127.0.0.1 at 2018-11-21 14:15:40 -0600
Processing by HomeController#index as HTML
  Rendering home/index.html.erb within layouts/application
  Rendered home/index.html.erb within layouts/application (318.3ms)
Completed 200 OK in 458ms (Views: 451.0ms | ActiveRecord: 0.0ms)


Started GET "/" for 127.0.0.1 at 2018-11-21 14:15:50 -0600
Processing by HomeController#index as HTML
  Rendering home/index.html.erb within layouts/application
  Rendered home/index.html.erb within layouts/application (32.0ms)
Completed 200 OK in 178ms (Views: 174.6ms | ActiveRecord: 0.0ms)


Started GET "/home/about" for 127.0.0.1 at 2018-11-21 14:16:03 -0600
Processing by HomeController#about as HTML
  Rendering home/about.html.erb within layouts/application
  Rendered home/about.html.erb within layouts/application (0.6ms)
Completed 200 OK in 86ms (Views: 83.6ms | ActiveRecord: 0.0ms)


Started GET "/home/about" for 127.0.0.1 at 2018-11-21 14:16:56 -0600
Processing by HomeController#about as HTML
  Rendering home/about.html.erb within layouts/application
  Rendered home/about.html.erb within layouts/application (0.4ms)
Completed 200 OK in 50ms (Views: 46.2ms | ActiveRecord: 0.0ms)


Started GET "/" for 127.0.0.1 at 2018-11-21 14:16:58 -0600
Processing by HomeController#index as HTML
  Rendering home/index.html.erb within layouts/application
  Rendered home/index.html.erb within layouts/application (15.2ms)
Completed 200 OK in 72ms (Views: 67.3ms | ActiveRecord: 0.0ms)


Started GET "/home/about" for 127.0.0.1 at 2018-11-21 14:17:02 -0600
Processing by HomeController#about as HTML
  Rendering home/about.html.erb within layouts/application
  Rendered home/about.html.erb within layouts/application (0.8ms)
Completed 200 OK in 56ms (Views: 53.2ms | ActiveRecord: 0.0ms)


Started GET "/home/contact" for 127.0.0.1 at 2018-11-21 14:17:03 -0600
Processing by HomeController#contact as HTML
  Rendering home/contact.html.erb within layouts/application
  Rendered home/contact.html.erb within layouts/application (0.4ms)
Completed 200 OK in 53ms (Views: 49.2ms | ActiveRecord: 0.0ms)


Started GET "/home/about" for 127.0.0.1 at 2018-11-21 14:17:05 -0600
Processing by HomeController#about as HTML
  Rendering home/about.html.erb within layouts/application
  Rendered home/about.html.erb within layouts/application (0.6ms)
Completed 200 OK in 64ms (Views: 60.0ms | ActiveRecord: 0.0ms)


Started GET "/home/about" for 127.0.0.1 at 2018-11-21 14:17:34 -0600
Processing by HomeController#about as HTML
  Rendering home/about.html.erb within layouts/application
  Rendered home/about.html.erb within layouts/application (0.7ms)
Completed 200 OK in 49ms (Views: 44.8ms | ActiveRecord: 0.0ms)


Started GET "/home/contact" for 127.0.0.1 at 2018-11-21 14:17:58 -0600
Processing by HomeController#contact as HTML
  Rendering home/contact.html.erb within layouts/application
  Rendered home/contact.html.erb within layouts/application (0.4ms)
Completed 200 OK in 56ms (Views: 52.9ms | ActiveRecord: 0.0ms)


Started GET "/home/contact" for 127.0.0.1 at 2018-11-21 14:18:25 -0600
Processing by HomeController#contact as HTML
  Rendering home/contact.html.erb within layouts/application
  Rendered home/contact.html.erb within layouts/application (0.3ms)
Completed 200 OK in 44ms (Views: 41.4ms | ActiveRecord: 0.0ms)


Started GET "/home/contact" for 127.0.0.1 at 2018-11-21 14:18:46 -0600
Processing by HomeController#contact as HTML
  Rendering home/contact.html.erb within layouts/application
  Rendered home/contact.html.erb within layouts/application (0.4ms)
Completed 200 OK in 46ms (Views: 43.9ms | ActiveRecord: 0.0ms)


Started GET "/home/about" for 127.0.0.1 at 2018-11-21 14:18:48 -0600
Processing by HomeController#about as HTML
  Rendering home/about.html.erb within layouts/application
  Rendered home/about.html.erb within layouts/application (0.4ms)
Completed 200 OK in 58ms (Views: 55.0ms | ActiveRecord: 0.0ms)


Started GET "/" for 127.0.0.1 at 2018-11-21 14:18:49 -0600
Processing by HomeController#index as HTML
  Rendering home/index.html.erb within layouts/application
  Rendered home/index.html.erb within layouts/application (13.4ms)
Completed 200 OK in 60ms (Views: 56.6ms | ActiveRecord: 0.0ms)


Started GET "/" for 127.0.0.1 at 2018-11-21 14:41:55 -0600
Processing by HomeController#index as HTML
  Rendering home/index.html.erb within layouts/application
  Rendered home/index.html.erb within layouts/application (223.5ms)
Completed 200 OK in 320ms (Views: 314.4ms | ActiveRecord: 0.0ms)


Started GET "/home/about" for 127.0.0.1 at 2018-11-21 14:42:28 -0600
Processing by HomeController#about as HTML
  Rendering home/about.html.erb within layouts/application
  Rendered home/about.html.erb within layouts/application (0.4ms)
Completed 200 OK in 48ms (Views: 45.5ms | ActiveRecord: 0.0ms)


Started GET "/home/about" for 127.0.0.1 at 2018-11-21 14:43:30 -0600
Processing by HomeController#about as HTML
  Rendering home/about.html.erb within layouts/application
  Rendered home/about.html.erb within layouts/application (0.7ms)
Completed 200 OK in 75ms (Views: 72.5ms | ActiveRecord: 0.0ms)


Started GET "/home/about" for 127.0.0.1 at 2018-11-21 14:47:56 -0600
Processing by HomeController#about as HTML
  Rendering home/about.html.erb within layouts/application
  Rendered home/about.html.erb within layouts/application (0.3ms)
Completed 200 OK in 1450ms (Views: 1446.4ms | ActiveRecord: 0.0ms)


Started GET "/home/about" for 127.0.0.1 at 2018-11-21 14:48:09 -0600
Processing by HomeController#about as HTML
  Rendering home/about.html.erb within layouts/application
  Rendered home/about.html.erb within layouts/application (0.4ms)
Completed 200 OK in 1488ms (Views: 1484.2ms | ActiveRecord: 0.0ms)


Started GET "/" for 127.0.0.1 at 2018-11-23 08:42:09 -0600
Processing by HomeController#index as HTML
  Rendering home/index.html.erb within layouts/application
  Rendered home/index.html.erb within layouts/application (64.5ms)
Completed 200 OK in 201ms (Views: 188.5ms | ActiveRecord: 0.0ms)


Started GET "/" for 127.0.0.1 at 2018-11-23 08:51:31 -0600
Processing by HomeController#index as HTML
  Rendering home/index.html.erb within layouts/application
  Rendered home/index.html.erb within layouts/application (28.6ms)
Completed 200 OK in 94ms (Views: 90.1ms | ActiveRecord: 0.0ms)


Started GET "/" for 127.0.0.1 at 2018-11-23 08:56:19 -0600
Processing by HomeController#index as HTML
  Rendering home/index.html.erb within layouts/application
  Rendered home/index.html.erb within layouts/application (14.9ms)
Completed 500 Internal Server Error in 63ms (ActiveRecord: 0.0ms)


  
ActionView::Template::Error (Invalid CSS after "@import ": expected file to import (string or url()), was "compass;"):
     5:     <%= csrf_meta_tags %>
     6:     <%= csp_meta_tag %>
     7: 
     8:     <%= stylesheet_link_tag    'application', media: 'all', 'data-turbolinks-track': 'reload' %>
     9:     <%= javascript_include_tag 'application', 'data-turbolinks-track': 'reload' %>
    10:   </head>
    11: 
  
app/assets/stylesheets/application.scss:19
app/views/layouts/application.html.erb:8:in `_app_views_layouts_application_html_erb___3959280477460754666_70208610628380'
Started GET "/" for 127.0.0.1 at 2018-11-23 08:56:39 -0600
Processing by HomeController#index as HTML
  Rendering home/index.html.erb within layouts/application
  Rendered home/index.html.erb within layouts/application (10.2ms)
Completed 500 Internal Server Error in 85ms (ActiveRecord: 0.0ms)


  
ActionView::Template::Error (Invalid CSS after "...gb(206,219,233)": expected "{", was "; // Old browsers"):
     5:     <%= csrf_meta_tags %>
     6:     <%= csp_meta_tag %>
     7: 
     8:     <%= stylesheet_link_tag    'application', media: 'all', 'data-turbolinks-track': 'reload' %>
     9:     <%= javascript_include_tag 'application', 'data-turbolinks-track': 'reload' %>
    10:   </head>
    11: 
  
app/assets/stylesheets/application.scss:60
app/views/layouts/application.html.erb:8:in `_app_views_layouts_application_html_erb___3959280477460754666_70208640566760'
Started GET "/" for 127.0.0.1 at 2018-11-23 08:57:17 -0600
Processing by HomeController#index as HTML
  Rendering home/index.html.erb within layouts/application
  Rendered home/index.html.erb within layouts/application (12.3ms)
Completed 500 Internal Server Error in 31ms (ActiveRecord: 0.0ms)


  
ActionView::Template::Error (Invalid CSS after "...gb(206,219,233)": expected "{", was ";"):
     5:     <%= csrf_meta_tags %>
     6:     <%= csp_meta_tag %>
     7: 
     8:     <%= stylesheet_link_tag    'application', media: 'all', 'data-turbolinks-track': 'reload' %>
     9:     <%= javascript_include_tag 'application', 'data-turbolinks-track': 'reload' %>
    10:   </head>
    11: 
  
app/assets/stylesheets/application.scss:60
app/views/layouts/application.html.erb:8:in `_app_views_layouts_application_html_erb___3959280477460754666_70208575368620'
Started GET "/" for 127.0.0.1 at 2018-11-23 08:57:37 -0600
Processing by HomeController#index as HTML
  Rendering home/index.html.erb within layouts/application
  Rendered home/index.html.erb within layouts/application (7.5ms)
Completed 200 OK in 1685ms (Views: 1682.4ms | ActiveRecord: 0.0ms)


Started GET "/" for 127.0.0.1 at 2018-11-23 09:01:05 -0600
Processing by HomeController#index as HTML
  Rendering home/index.html.erb within layouts/application
  Rendered home/index.html.erb within layouts/application (11.6ms)
Completed 200 OK in 1402ms (Views: 1399.1ms | ActiveRecord: 0.0ms)


Started GET "/" for 127.0.0.1 at 2018-11-23 09:02:03 -0600
Processing by HomeController#index as HTML
  Rendering home/index.html.erb within layouts/application
  Rendered home/index.html.erb within layouts/application (6.9ms)
Completed 200 OK in 1477ms (Views: 1473.7ms | ActiveRecord: 0.0ms)


Started GET "/" for 127.0.0.1 at 2018-11-23 09:02:12 -0600
Processing by HomeController#index as HTML
  Rendering home/index.html.erb within layouts/application
  Rendered home/index.html.erb within layouts/application (8.7ms)
Completed 200 OK in 63ms (Views: 60.6ms | ActiveRecord: 0.0ms)


Started GET "/" for 127.0.0.1 at 2018-11-23 09:04:19 -0600
Processing by HomeController#index as HTML
  Rendering home/index.html.erb within layouts/application
  Rendered home/index.html.erb within layouts/application (10.5ms)
Completed 200 OK in 1384ms (Views: 1382.0ms | ActiveRecord: 0.0ms)


Started GET "/" for 127.0.0.1 at 2018-11-23 09:04:54 -0600
Processing by HomeController#index as HTML
  Rendering home/index.html.erb within layouts/application
  Rendered home/index.html.erb within layouts/application (10.4ms)
Completed 200 OK in 50ms (Views: 48.3ms | ActiveRecord: 0.0ms)


Started GET "/" for 127.0.0.1 at 2018-11-23 09:05:37 -0600
Processing by HomeController#index as HTML
  Rendering home/index.html.erb within layouts/application
  Rendered home/index.html.erb within layouts/application (9.5ms)
Completed 200 OK in 1468ms (Views: 1466.2ms | ActiveRecord: 0.0ms)


Started GET "/" for 127.0.0.1 at 2018-11-23 09:05:54 -0600
Processing by HomeController#index as HTML
  Rendering home/index.html.erb within layouts/application
  Rendered home/index.html.erb within layouts/application (10.9ms)
Completed 200 OK in 1415ms (Views: 1412.3ms | ActiveRecord: 0.0ms)


Started GET "/" for 127.0.0.1 at 2018-11-23 09:07:31 -0600
Processing by HomeController#index as HTML
  Rendering home/index.html.erb within layouts/application
  Rendered home/index.html.erb within layouts/application (8.2ms)
Completed 200 OK in 1427ms (Views: 1424.4ms | ActiveRecord: 0.0ms)


Started GET "/home/about" for 127.0.0.1 at 2018-11-23 09:08:54 -0600
Processing by HomeController#about as HTML
  Rendering home/about.html.erb within layouts/application
  Rendered home/about.html.erb within layouts/application (0.4ms)
Completed 200 OK in 1416ms (Views: 1412.0ms | ActiveRecord: 0.0ms)


Started GET "/home/about" for 127.0.0.1 at 2018-11-23 09:08:56 -0600
Processing by HomeController#about as HTML
  Rendering home/about.html.erb within layouts/application
  Rendered home/about.html.erb within layouts/application (0.8ms)
Completed 200 OK in 53ms (Views: 50.5ms | ActiveRecord: 0.0ms)


Started GET "/home/about" for 127.0.0.1 at 2018-11-23 09:09:42 -0600
Processing by HomeController#about as HTML
  Rendering home/about.html.erb within layouts/application
  Rendered home/about.html.erb within layouts/application (0.4ms)
Completed 200 OK in 50ms (Views: 48.0ms | ActiveRecord: 0.0ms)


Started GET "/home/about" for 127.0.0.1 at 2018-11-23 09:09:52 -0600
Processing by HomeController#about as HTML
  Rendering home/about.html.erb within layouts/application
  Rendered home/about.html.erb within layouts/application (0.5ms)
Completed 200 OK in 45ms (Views: 41.7ms | ActiveRecord: 0.0ms)


Started GET "/" for 127.0.0.1 at 2018-11-23 09:10:19 -0600
Processing by HomeController#index as HTML
  Rendering home/index.html.erb within layouts/application
  Rendered home/index.html.erb within layouts/application (10.7ms)
Completed 200 OK in 60ms (Views: 55.9ms | ActiveRecord: 0.0ms)


Started GET "/" for 127.0.0.1 at 2018-11-26 12:58:23 -0600
Processing by HomeController#index as HTML
  Rendering home/index.html.erb within layouts/application
  Rendered home/index.html.erb within layouts/application (51.1ms)
Completed 200 OK in 188ms (Views: 176.0ms | ActiveRecord: 0.0ms)


Started GET "/" for 127.0.0.1 at 2018-11-26 13:57:53 -0600
Processing by HomeController#index as HTML
  Rendering home/index.html.erb within layouts/application
  Rendered home/index.html.erb within layouts/application (19.8ms)
Completed 200 OK in 107ms (Views: 102.6ms | ActiveRecord: 0.0ms)


Started GET "/" for 127.0.0.1 at 2018-11-26 15:20:15 -0600
Processing by HomeController#index as HTML
  Rendering home/index.html.erb within layouts/application
  Rendered home/index.html.erb within layouts/application (17.2ms)
Completed 200 OK in 96ms (Views: 92.7ms | ActiveRecord: 0.0ms)


Started GET "/home/about" for 127.0.0.1 at 2018-11-26 15:20:17 -0600
Processing by HomeController#about as HTML
  Rendering home/about.html.erb within layouts/application
  Rendered home/about.html.erb within layouts/application (0.6ms)
Completed 200 OK in 61ms (Views: 56.8ms | ActiveRecord: 0.0ms)


Started GET "/" for 127.0.0.1 at 2018-11-27 14:39:07 -0600
Processing by HomeController#index as HTML
  Rendering home/index.html.erb within layouts/application
  Rendered home/index.html.erb within layouts/application (361.9ms)
Completed 200 OK in 464ms (Views: 457.7ms | ActiveRecord: 0.0ms)


Started GET "/" for 127.0.0.1 at 2018-11-28 14:07:14 -0600
Processing by HomeController#index as HTML
  Rendering home/index.html.erb within layouts/application
  Rendered home/index.html.erb within layouts/application (44.4ms)
Completed 200 OK in 232ms (Views: 223.2ms | ActiveRecord: 0.0ms)


Started GET "/" for 127.0.0.1 at 2018-11-28 14:13:32 -0600
Processing by HomeController#index as HTML
  Rendering home/index.html.erb within layouts/application
  Rendered home/index.html.erb within layouts/application (40.3ms)
Completed 200 OK in 149ms (Views: 143.9ms | ActiveRecord: 0.0ms)


Started GET "/home/about" for 127.0.0.1 at 2018-11-28 14:13:35 -0600
Processing by HomeController#about as HTML
  Rendering home/about.html.erb within layouts/application
  Rendered home/about.html.erb within layouts/application (0.5ms)
Completed 200 OK in 47ms (Views: 42.8ms | ActiveRecord: 0.0ms)


Started GET "/" for 127.0.0.1 at 2018-11-28 14:15:34 -0600
Processing by HomeController#index as HTML
  Rendering home/index.html.erb within layouts/application
  Rendered home/index.html.erb within layouts/application (1999.0ms)
Completed 200 OK in 2108ms (Views: 2101.6ms | ActiveRecord: 0.0ms)


Started GET "/home/about" for 127.0.0.1 at 2018-11-28 14:15:38 -0600
Processing by HomeController#about as HTML
  Rendering home/about.html.erb within layouts/application
  Rendered home/about.html.erb within layouts/application (0.5ms)
Completed 200 OK in 64ms (Views: 60.3ms | ActiveRecord: 0.0ms)


Started GET "/" for 127.0.0.1 at 2018-11-28 14:16:18 -0600
Processing by HomeController#index as HTML
  Rendering home/index.html.erb within layouts/application
  Rendered home/index.html.erb within layouts/application (19.1ms)
Completed 200 OK in 113ms (Views: 107.1ms | ActiveRecord: 0.0ms)


Started GET "/home/about" for 127.0.0.1 at 2018-11-28 14:16:30 -0600
Processing by HomeController#about as HTML
  Rendering home/about.html.erb within layouts/application
  Rendered home/about.html.erb within layouts/application (0.5ms)
Completed 200 OK in 65ms (Views: 60.9ms | ActiveRecord: 0.0ms)


Started GET "/" for 127.0.0.1 at 2018-11-28 14:16:41 -0600
Processing by HomeController#index as HTML
  Rendering home/index.html.erb within layouts/application
  Rendered home/index.html.erb within layouts/application (26.9ms)
Completed 200 OK in 109ms (Views: 104.8ms | ActiveRecord: 0.0ms)


Started GET "/" for 127.0.0.1 at 2018-11-28 14:16:59 -0600
Processing by HomeController#index as HTML
  Rendering home/index.html.erb within layouts/application
  Rendered home/index.html.erb within layouts/application (17.4ms)
Completed 200 OK in 1420ms (Views: 1417.8ms | ActiveRecord: 0.0ms)


Started GET "/" for 127.0.0.1 at 2018-11-28 18:00:18 -0600
Processing by HomeController#index as HTML
  Rendering home/index.html.erb within layouts/application
  Rendered home/index.html.erb within layouts/application (62.6ms)
Completed 200 OK in 153ms (Views: 148.9ms | ActiveRecord: 0.0ms)


  [1m[35m (1.5ms)[0m  [1m[34mSELECT pg_try_advisory_lock(7031142377825230980)[0m
  ↳ bin/rails:9
  [1m[35m (2.9ms)[0m  [1m[34mSELECT "schema_migrations"."version" FROM "schema_migrations" ORDER BY "schema_migrations"."version" ASC[0m
  ↳ bin/rails:9
  [1m[36mActiveRecord::InternalMetadata Load (5.6ms)[0m  [1m[34mSELECT  "ar_internal_metadata".* FROM "ar_internal_metadata" WHERE "ar_internal_metadata"."key" = $1 LIMIT $2[0m  [["key", "environment"], ["LIMIT", 1]]
  ↳ bin/rails:9
  [1m[35m (0.2ms)[0m  [1m[35mBEGIN[0m
  ↳ bin/rails:9
  [1m[35m (0.1ms)[0m  [1m[35mCOMMIT[0m
  ↳ bin/rails:9
  [1m[35m (0.2ms)[0m  [1m[34mSELECT pg_advisory_unlock(7031142377825230980)[0m
  ↳ bin/rails:9
  [1m[35m (0.3ms)[0m  [1m[34mSELECT "schema_migrations"."version" FROM "schema_migrations" ORDER BY "schema_migrations"."version" ASC[0m
  ↳ bin/rails:9
Started GET "/" for 127.0.0.1 at 2019-01-10 14:12:53 -0600
Processing by HomeController#index as HTML
  Rendering home/index.html.erb within layouts/application
  Rendered home/index.html.erb within layouts/application (509.6ms)
Completed 200 OK in 623ms (Views: 613.8ms | ActiveRecord: 0.0ms)


Started GET "/" for 127.0.0.1 at 2019-01-10 14:13:01 -0600
Processing by HomeController#index as HTML
  Rendering home/index.html.erb within layouts/application
  Rendered home/index.html.erb within layouts/application (20.2ms)
Completed 200 OK in 101ms (Views: 97.5ms | ActiveRecord: 0.0ms)


Started GET "/home/about" for 127.0.0.1 at 2019-01-10 14:13:03 -0600
Processing by HomeController#about as HTML
  Rendering home/about.html.erb within layouts/application
  Rendered home/about.html.erb within layouts/application (0.6ms)
Completed 200 OK in 74ms (Views: 68.8ms | ActiveRecord: 0.0ms)


Started GET "/home/about" for 127.0.0.1 at 2019-01-10 14:18:04 -0600
Processing by HomeController#about as HTML
  Rendering home/about.html.erb within layouts/application
  Rendered home/about.html.erb within layouts/application (0.3ms)
Completed 200 OK in 1626ms (Views: 1622.7ms | ActiveRecord: 0.0ms)


Started GET "/" for 127.0.0.1 at 2019-01-10 14:18:06 -0600
Processing by HomeController#index as HTML
  Rendering home/index.html.erb within layouts/application
  Rendered home/index.html.erb within layouts/application (17.9ms)
Completed 200 OK in 70ms (Views: 67.0ms | ActiveRecord: 0.0ms)


Started GET "/home/contact" for 127.0.0.1 at 2019-01-10 14:18:11 -0600
Processing by HomeController#contact as HTML
  Rendering home/contact.html.erb within layouts/application
  Rendered home/contact.html.erb within layouts/application (0.4ms)
Completed 200 OK in 55ms (Views: 50.5ms | ActiveRecord: 0.0ms)


Started GET "/" for 127.0.0.1 at 2019-01-10 14:18:13 -0600
Processing by HomeController#index as HTML
  Rendering home/index.html.erb within layouts/application
  Rendered home/index.html.erb within layouts/application (21.3ms)
Completed 200 OK in 83ms (Views: 77.4ms | ActiveRecord: 0.0ms)


Started GET "/" for 127.0.0.1 at 2019-01-10 14:23:27 -0600
Processing by HomeController#index as HTML
  Rendering home/index.html.erb within layouts/application
  Rendered home/index.html.erb within layouts/application (9.7ms)
Completed 200 OK in 1437ms (Views: 1435.3ms | ActiveRecord: 0.0ms)


Started GET "/" for 127.0.0.1 at 2019-01-10 14:27:23 -0600
Processing by HomeController#index as HTML
  Rendering home/index.html.erb within layouts/application
  Rendered home/index.html.erb within layouts/application (10.4ms)
Completed 200 OK in 1524ms (Views: 1519.8ms | ActiveRecord: 0.0ms)


Started GET "/" for 127.0.0.1 at 2019-01-10 14:27:57 -0600
Processing by HomeController#index as HTML
  Rendering home/index.html.erb within layouts/application
  Rendered home/index.html.erb within layouts/application (15.4ms)
Completed 200 OK in 1475ms (Views: 1473.1ms | ActiveRecord: 0.0ms)


Started GET "/" for 127.0.0.1 at 2019-01-10 14:28:38 -0600
Processing by HomeController#index as HTML
  Rendering home/index.html.erb within layouts/application
  Rendered home/index.html.erb within layouts/application (11.3ms)
Completed 200 OK in 1486ms (Views: 1483.8ms | ActiveRecord: 0.0ms)


Started GET "/" for 127.0.0.1 at 2019-01-10 14:30:05 -0600
Processing by HomeController#index as HTML
  Rendering home/index.html.erb within layouts/application
  Rendered home/index.html.erb within layouts/application (10.6ms)
Completed 200 OK in 1504ms (Views: 1501.8ms | ActiveRecord: 0.0ms)


Started GET "/home/about" for 127.0.0.1 at 2019-01-10 14:40:28 -0600
Processing by HomeController#about as HTML
  Rendering home/about.html.erb within layouts/application
  Rendered home/about.html.erb within layouts/application (0.4ms)
Completed 200 OK in 40ms (Views: 38.5ms | ActiveRecord: 0.0ms)


Started GET "/home/contact" for 127.0.0.1 at 2019-01-10 14:40:35 -0600
Processing by HomeController#contact as HTML
  Rendering home/contact.html.erb within layouts/application
  Rendered home/contact.html.erb within layouts/application (0.5ms)
Completed 200 OK in 55ms (Views: 52.0ms | ActiveRecord: 0.0ms)


Started GET "/home/contact" for 127.0.0.1 at 2019-01-10 14:51:14 -0600
Processing by HomeController#contact as HTML
  Rendering home/contact.html.erb within layouts/application
  Rendered home/contact.html.erb within layouts/application (0.6ms)
Completed 200 OK in 40ms (Views: 37.7ms | ActiveRecord: 0.0ms)


Started GET "/home/contact" for 127.0.0.1 at 2019-01-10 14:52:32 -0600
Processing by HomeController#contact as HTML
  Rendering home/contact.html.erb within layouts/application
  Rendered home/contact.html.erb within layouts/application (0.3ms)
Completed 200 OK in 1406ms (Views: 1403.0ms | ActiveRecord: 0.0ms)


Started GET "/home/contact" for 127.0.0.1 at 2019-01-10 14:54:12 -0600
Processing by HomeController#contact as HTML
  Rendering home/contact.html.erb within layouts/application
  Rendered home/contact.html.erb within layouts/application (0.3ms)
Completed 200 OK in 1543ms (Views: 1540.6ms | ActiveRecord: 0.0ms)


Started GET "/" for 127.0.0.1 at 2019-01-10 14:54:15 -0600
Processing by HomeController#index as HTML
  Rendering home/index.html.erb within layouts/application
  Rendered home/index.html.erb within layouts/application (19.6ms)
Completed 200 OK in 87ms (Views: 83.3ms | ActiveRecord: 0.0ms)


Started GET "/home/about" for 127.0.0.1 at 2019-01-10 14:54:16 -0600
Processing by HomeController#about as HTML
  Rendering home/about.html.erb within layouts/application
  Rendered home/about.html.erb within layouts/application (0.7ms)
Completed 200 OK in 62ms (Views: 58.2ms | ActiveRecord: 0.0ms)


Started GET "/home/contact" for 127.0.0.1 at 2019-01-10 14:54:19 -0600
Processing by HomeController#contact as HTML
  Rendering home/contact.html.erb within layouts/application
  Rendered home/contact.html.erb within layouts/application (0.4ms)
Completed 200 OK in 67ms (Views: 60.2ms | ActiveRecord: 0.0ms)


Started GET "/home/contact" for 127.0.0.1 at 2019-01-10 15:01:26 -0600
Processing by HomeController#contact as HTML
  Rendering home/contact.html.erb within layouts/application
  Rendered home/contact.html.erb within layouts/application (0.4ms)
Completed 200 OK in 43ms (Views: 40.6ms | ActiveRecord: 0.0ms)


Started GET "/home/contact" for 127.0.0.1 at 2019-01-10 15:02:11 -0600
Processing by HomeController#contact as HTML
  Rendering home/contact.html.erb within layouts/application
  Rendered home/contact.html.erb within layouts/application (0.3ms)
Completed 200 OK in 1606ms (Views: 1603.7ms | ActiveRecord: 0.0ms)


Started GET "/home/contact" for 127.0.0.1 at 2019-01-10 15:04:31 -0600
Processing by HomeController#contact as HTML
  Rendering home/contact.html.erb within layouts/application
  Rendered home/contact.html.erb within layouts/application (0.3ms)
Completed 200 OK in 43ms (Views: 40.2ms | ActiveRecord: 0.0ms)


Started GET "/home/contact" for 127.0.0.1 at 2019-01-10 15:05:09 -0600
Processing by HomeController#contact as HTML
  Rendering home/contact.html.erb within layouts/application
  Rendered home/contact.html.erb within layouts/application (0.4ms)
Completed 200 OK in 45ms (Views: 41.0ms | ActiveRecord: 0.0ms)


Started GET "/home/contact" for 127.0.0.1 at 2019-01-10 15:20:51 -0600
Processing by HomeController#contact as HTML
  Rendering home/contact.html.erb within layouts/application
  Rendered home/contact.html.erb within layouts/application (0.3ms)
Completed 200 OK in 38ms (Views: 36.2ms | ActiveRecord: 0.0ms)


Started GET "/home/contact" for 127.0.0.1 at 2019-01-10 15:21:11 -0600
Processing by HomeController#contact as HTML
  Rendering home/contact.html.erb within layouts/application
  Rendered home/contact.html.erb within layouts/application (0.3ms)
Completed 200 OK in 41ms (Views: 39.2ms | ActiveRecord: 0.0ms)


Started GET "/home/contact" for 127.0.0.1 at 2019-01-10 15:21:22 -0600
Processing by HomeController#contact as HTML
  Rendering home/contact.html.erb within layouts/application
  Rendered home/contact.html.erb within layouts/application (0.3ms)
Completed 200 OK in 44ms (Views: 40.8ms | ActiveRecord: 0.0ms)


Started GET "/home/contact" for 127.0.0.1 at 2019-01-10 15:22:22 -0600
Processing by HomeController#contact as HTML
  Rendering home/contact.html.erb within layouts/application
  Rendered home/contact.html.erb within layouts/application (0.3ms)
Completed 200 OK in 48ms (Views: 44.5ms | ActiveRecord: 0.0ms)


Started GET "/" for 127.0.0.1 at 2019-01-10 15:22:31 -0600
Processing by HomeController#index as HTML
  Rendering home/index.html.erb within layouts/application
  Rendered home/index.html.erb within layouts/application (18.4ms)
Completed 200 OK in 76ms (Views: 73.0ms | ActiveRecord: 0.0ms)


Started GET "/home/contact" for 127.0.0.1 at 2019-01-10 15:22:34 -0600
Processing by HomeController#contact as HTML
  Rendering home/contact.html.erb within layouts/application
  Rendered home/contact.html.erb within layouts/application (0.4ms)
Completed 200 OK in 57ms (Views: 53.3ms | ActiveRecord: 0.0ms)


Started GET "/home/about" for 127.0.0.1 at 2019-01-10 15:22:37 -0600
Processing by HomeController#about as HTML
  Rendering home/about.html.erb within layouts/application
  Rendered home/about.html.erb within layouts/application (0.5ms)
Completed 200 OK in 60ms (Views: 56.8ms | ActiveRecord: 0.0ms)


Started GET "/" for 127.0.0.1 at 2019-01-10 15:22:40 -0600
Processing by HomeController#index as HTML
  Rendering home/index.html.erb within layouts/application
  Rendered home/index.html.erb within layouts/application (23.8ms)
Completed 200 OK in 73ms (Views: 69.9ms | ActiveRecord: 0.0ms)


Started GET "/home/about" for 127.0.0.1 at 2019-01-10 15:24:19 -0600
Processing by HomeController#about as HTML
  Rendering home/about.html.erb within layouts/application
  Rendered home/about.html.erb within layouts/application (0.4ms)
Completed 200 OK in 68ms (Views: 64.7ms | ActiveRecord: 0.0ms)


Started GET "/home/contact" for 127.0.0.1 at 2019-01-10 15:24:22 -0600
Processing by HomeController#contact as HTML
  Rendering home/contact.html.erb within layouts/application
  Rendered home/contact.html.erb within layouts/application (0.5ms)
Completed 200 OK in 62ms (Views: 57.5ms | ActiveRecord: 0.0ms)


Started GET "/home/contact" for 127.0.0.1 at 2019-01-10 15:37:49 -0600
Processing by HomeController#contact as HTML
  Rendering home/contact.html.erb within layouts/application
  Rendered home/contact.html.erb within layouts/application (0.3ms)
Completed 200 OK in 40ms (Views: 38.1ms | ActiveRecord: 0.0ms)


Started GET "/home/contact" for 127.0.0.1 at 2019-01-10 15:40:42 -0600
Processing by HomeController#contact as HTML
  Rendering home/contact.html.erb within layouts/application
  Rendered home/contact.html.erb within layouts/application (0.3ms)
Completed 200 OK in 1515ms (Views: 1512.8ms | ActiveRecord: 0.0ms)


Started GET "/home/contact" for 127.0.0.1 at 2019-01-10 15:41:04 -0600
Processing by HomeController#contact as HTML
  Rendering home/contact.html.erb within layouts/application
  Rendered home/contact.html.erb within layouts/application (0.6ms)
Completed 200 OK in 1491ms (Views: 1489.2ms | ActiveRecord: 0.0ms)


Started GET "/home/contact" for 127.0.0.1 at 2019-01-10 15:41:35 -0600
Processing by HomeController#contact as HTML
  Rendering home/contact.html.erb within layouts/application
  Rendered home/contact.html.erb within layouts/application (0.3ms)
Completed 200 OK in 67ms (Views: 64.8ms | ActiveRecord: 0.0ms)


Started GET "/home/contact" for 127.0.0.1 at 2019-01-10 15:41:52 -0600
Processing by HomeController#contact as HTML
  Rendering home/contact.html.erb within layouts/application
  Rendered home/contact.html.erb within layouts/application (0.4ms)
Completed 200 OK in 1531ms (Views: 1528.5ms | ActiveRecord: 0.0ms)


Started GET "/home/contact" for 127.0.0.1 at 2019-01-10 15:43:43 -0600
Processing by HomeController#contact as HTML
  Rendering home/contact.html.erb within layouts/application
  Rendered home/contact.html.erb within layouts/application (0.3ms)
Completed 200 OK in 1559ms (Views: 1555.8ms | ActiveRecord: 0.0ms)


Started GET "/home/contact" for 127.0.0.1 at 2019-01-10 15:43:54 -0600
Processing by HomeController#contact as HTML
  Rendering home/contact.html.erb within layouts/application
  Rendered home/contact.html.erb within layouts/application (0.3ms)
Completed 200 OK in 1448ms (Views: 1440.8ms | ActiveRecord: 0.0ms)


Started GET "/home/contact" for 127.0.0.1 at 2019-01-10 15:45:54 -0600
Processing by HomeController#contact as HTML
  Rendering home/contact.html.erb within layouts/application
  Rendered home/contact.html.erb within layouts/application (0.3ms)
Completed 200 OK in 1518ms (Views: 1515.6ms | ActiveRecord: 0.0ms)


Started GET "/home/contact" for 127.0.0.1 at 2019-01-10 16:00:55 -0600
Processing by HomeController#contact as HTML
  Rendering home/contact.html.erb within layouts/application
  Rendered home/contact.html.erb within layouts/application (0.3ms)
Completed 200 OK in 44ms (Views: 40.8ms | ActiveRecord: 0.0ms)


Started GET "/home/contact" for 127.0.0.1 at 2019-01-10 16:01:51 -0600
Processing by HomeController#contact as HTML
  Rendering home/contact.html.erb within layouts/application
  Rendered home/contact.html.erb within layouts/application (0.3ms)
Completed 200 OK in 1557ms (Views: 1553.7ms | ActiveRecord: 0.0ms)


Started GET "/home/contact" for 127.0.0.1 at 2019-01-10 16:02:22 -0600
Processing by HomeController#contact as HTML
  Rendering home/contact.html.erb within layouts/application
  Rendered home/contact.html.erb within layouts/application (0.3ms)
Completed 200 OK in 1480ms (Views: 1478.2ms | ActiveRecord: 0.0ms)


Started GET "/home/contact" for 127.0.0.1 at 2019-01-10 16:02:51 -0600
Processing by HomeController#contact as HTML
  Rendering home/contact.html.erb within layouts/application
  Rendered home/contact.html.erb within layouts/application (0.4ms)
Completed 200 OK in 1514ms (Views: 1511.5ms | ActiveRecord: 0.0ms)


Started GET "/home/contact" for 127.0.0.1 at 2019-01-10 16:03:20 -0600
Processing by HomeController#contact as HTML
  Rendering home/contact.html.erb within layouts/application
  Rendered home/contact.html.erb within layouts/application (0.4ms)
Completed 200 OK in 1545ms (Views: 1542.0ms | ActiveRecord: 0.0ms)


Started GET "/home/contact" for 127.0.0.1 at 2019-01-10 16:03:36 -0600
Processing by HomeController#contact as HTML
  Rendering home/contact.html.erb within layouts/application
  Rendered home/contact.html.erb within layouts/application (0.4ms)
Completed 200 OK in 1445ms (Views: 1442.0ms | ActiveRecord: 0.0ms)


Started GET "/home/contact" for 127.0.0.1 at 2019-01-10 16:07:51 -0600
Processing by HomeController#contact as HTML
  Rendering home/contact.html.erb within layouts/application
  Rendered home/contact.html.erb within layouts/application (0.5ms)
Completed 200 OK in 65ms (Views: 62.9ms | ActiveRecord: 0.0ms)


Started GET "/home/contact" for 127.0.0.1 at 2019-01-10 16:08:16 -0600
Processing by HomeController#contact as HTML
  Rendering home/contact.html.erb within layouts/application
  Rendered home/contact.html.erb within layouts/application (0.6ms)
Completed 200 OK in 57ms (Views: 54.5ms | ActiveRecord: 0.0ms)


Started GET "/home/contact" for 127.0.0.1 at 2019-01-10 16:08:50 -0600
Processing by HomeController#contact as HTML
  Rendering home/contact.html.erb within layouts/application
  Rendered home/contact.html.erb within layouts/application (0.3ms)
Completed 200 OK in 1446ms (Views: 1442.6ms | ActiveRecord: 0.0ms)


